
Showing logs for build [32mcb-kubecd-environment-pr-185-27-vcmbr-1[0m stage [32mfrom-build-pack[0m and container [32mstep-credential-initializer-thnjc[0m
{"level":"warn","ts":1584638796.127909,"logger":"fallback-logger","caller":"logging/config.go:69","msg":"Fetch GitHub commit ID from kodata failed: \"ref: refs/heads/0.8.0-**-support-backwards-incompats\" is not a valid GitHub commit ID"}
{"level":"info","ts":1584638796.128574,"logger":"fallback-logger","caller":"creds-init/main.go:40","msg":"Credentials initialized."}

Showing logs for build [32mcb-kubecd-environment-pr-185-27-vcmbr-1[0m stage [32mfrom-build-pack[0m and container [32mstep-working-dir-initializer-t8lpz[0m
{"level":"warn","ts":1584638797.035887,"logger":"fallback-logger","caller":"logging/config.go:69","msg":"Fetch GitHub commit ID from kodata failed: open /var/run/ko/HEAD: no such file or directory"}
{"level":"info","ts":1584638797.0432863,"logger":"fallback-logger","caller":"bash/main.go:64","msg":"Successfully executed command \"sh -c mkdir -p /workspace/source\"; output "}

Showing logs for build [32mcb-kubecd-environment-pr-185-27-vcmbr-1[0m stage [32mfrom-build-pack[0m and container [32mstep-place-tools[0m

Showing logs for build [32mcb-kubecd-environment-pr-185-27-vcmbr-1[0m stage [32mfrom-build-pack[0m and container [32mstep-git-source-cb-kubecd-environment-pr-185-27-vcmbr-sqh6l[0m
{"level":"warn","ts":1584638801.0227637,"logger":"fallback-logger","caller":"logging/config.go:69","msg":"Fetch GitHub commit ID from kodata failed: \"ref: refs/heads/0.8.0-**-support-backwards-incompats\" is not a valid GitHub commit ID"}
{"level":"info","ts":1584638802.0567806,"logger":"fallback-logger","caller":"git/git.go:103","msg":"Successfully cloned https://github.com/cb-kubecd/environment-pr-185-27-boot-vault-gke-staging.git @ master in path /workspace/source"}

Showing logs for build [32mcb-kubecd-environment-pr-185-27-vcmbr-1[0m stage [32mfrom-build-pack[0m and container [32mstep-git-merge[0m
Using SHAs from PULL_REFS=master:9fff312fd4330392b951cb83f9b284d3e8d465a4,2:b13153b0d777b6d6acb9401f3e5e611c0dcdde85
DEBUG: LC_ALL=C JX_LOG_LEVEL=error git fetch origin --unshallow b13153b0d777b6d6acb9401f3e5e611c0dcdde85: 9fff312fd4330392b951cb83f9b284d3e8d465a4:
DEBUG: ran git fetch --unshallow origin b13153b0d777b6d6acb9401f3e5e611c0dcdde85: 9fff312fd4330392b951cb83f9b284d3e8d465a4: in 
DEBUG: LC_ALL=C JX_LOG_LEVEL=error git branch
DEBUG: LC_ALL=C JX_LOG_LEVEL=error git checkout master
DEBUG: ran git checkout master in 
DEBUG: JX_LOG_LEVEL=error LC_ALL=C git reset --hard 9fff312fd4330392b951cb83f9b284d3e8d465a4
DEBUG: ran git reset --hard 9fff312fd4330392b951cb83f9b284d3e8d465a4 in 
DEBUG: LC_ALL=C JX_LOG_LEVEL=error git clean -fd .
DEBUG: ran clean --force -d . in 
DEBUG: LC_ALL=C JX_LOG_LEVEL=error git merge b13153b0d777b6d6acb9401f3e5e611c0dcdde85
DEBUG: ran git merge b13153b0d777b6d6acb9401f3e5e611c0dcdde85 in 
DEBUG: JX_LOG_LEVEL=error LC_ALL=C git log --format=%H%x1f%an%x1f%ae%x1f%cn%x1f%ce%x1f%s%n%b%x1e 9fff312fd4330392b951cb83f9b284d3e8d465a4..HEAD
Merged SHA b13153b0d777b6d6acb9401f3e5e611c0dcdde85 with commit message 'chore: Promote bdd-sbhg-1584638450 to version 0.0.1' into base branch master

Showing logs for build [32mcb-kubecd-environment-pr-185-27-vcmbr-1[0m stage [32mfrom-build-pack[0m and container [32mstep-build-helm-build[0m
WARNING: No $CHART_REPOSITORY defined so using the default value of: http://jenkins-x-chartmuseum:8080
Adding missing Helm repo: storage.googleapis.com https://storage.googleapis.com/chartmuseum.jenkins-x.io
WARNING: No secrets found on "helm/repos" due: reading the secret "helm/repos" from vault: no secret "helm/repos" not found in vault
Read credentials for https://storage.googleapis.com/chartmuseum.jenkins-x.io from vault helm/repos
Successfully added Helm repository storage.googleapis.com.
Adding missing Helm repo: jenkins-x-chartmuseum http://jenkins-x-chartmuseum:8080
WARNING: No secrets found on "helm/repos" due: reading the secret "helm/repos" from vault: no secret "helm/repos" not found in vault
Read credentials for http://jenkins-x-chartmuseum:8080 from vault helm/repos
Successfully added Helm repository jenkins-x-chartmuseum.
WARNING: No $CHART_REPOSITORY defined so using the default value of: http://jenkins-x-chartmuseum:8080
Adding missing Helm repo: chartmuseum.jenkins-x.io http://chartmuseum.jenkins-x.io
WARNING: No secrets found on "helm/repos" due: reading the secret "helm/repos" from vault: no secret "helm/repos" not found in vault
Read credentials for http://chartmuseum.jenkins-x.io from vault helm/repos
Successfully added Helm repository chartmuseum.jenkins-x.io.
